{
  "stats": {
    "avgTime": 3.8541258775510183,
    "maxTime": 13.012415999999973,
    "memoryDelta": 3.3448715209960938,
    "successRate": 1
  },
  "results": [
    {
      "from": "品川",
      "to": "東京",
      "type": "Airport",
      "googleDuration": 10,
      "executionTime": 3.815250000000006,
      "found": true,
      "duration": 8,
      "transfers": 0,
      "label": "最佳建議",
      "accuracy": 0.8
    },
    {
      "from": "成田空港",
      "to": "新宿",
      "type": "Airport",
      "googleDuration": 85,
      "executionTime": 8.847583,
      "found": true,
      "duration": 86,
      "transfers": 3,
      "label": "最佳建議",
      "accuracy": 0.9882352941176471
    },
    {
      "from": "浜松町",
      "to": "渋谷",
      "type": "Airport",
      "googleDuration": 20,
      "executionTime": 7.862125000000006,
      "found": true,
      "duration": 23,
      "transfers": 1,
      "label": "最佳建議",
      "accuracy": 0.85
    },
    {
      "from": "成田空港",
      "to": "上野",
      "type": "Airport",
      "googleDuration": 60,
      "executionTime": 1.7773749999999922,
      "found": true,
      "duration": 72,
      "transfers": 2,
      "label": "最佳建議",
      "accuracy": 0.8
    },
    {
      "from": "品川",
      "to": "横浜",
      "type": "Airport",
      "googleDuration": 20,
      "executionTime": 1.3810840000000013,
      "found": true,
      "duration": 12,
      "transfers": 1,
      "label": "最佳建議",
      "accuracy": 0.6
    },
    {
      "from": "東京",
      "to": "新宿",
      "type": "Urban",
      "googleDuration": 14,
      "executionTime": 0.586874999999992,
      "found": true,
      "duration": 15,
      "transfers": 0,
      "label": "最佳建議",
      "accuracy": 0.9285714285714286
    },
    {
      "from": "銀座",
      "to": "六本木",
      "type": "Urban",
      "googleDuration": 12,
      "executionTime": 1.7485829999999964,
      "found": true,
      "duration": 14,
      "transfers": 1,
      "label": "最佳建議",
      "accuracy": 0.8333333333333334
    },
    {
      "from": "秋葉原",
      "to": "渋谷",
      "type": "Urban",
      "googleDuration": 30,
      "executionTime": 10.404667000000018,
      "found": true,
      "duration": 34,
      "transfers": 1,
      "label": "最佳建議",
      "accuracy": 0.8666666666666667
    },
    {
      "from": "池袋",
      "to": "品川",
      "type": "Urban",
      "googleDuration": 28,
      "executionTime": 4.385833000000019,
      "found": true,
      "duration": 22,
      "transfers": 1,
      "label": "最佳建議",
      "accuracy": 0.7857142857142857
    },
    {
      "from": "上野",
      "to": "恵比寿",
      "type": "Urban",
      "googleDuration": 32,
      "executionTime": 8.991208999999998,
      "found": true,
      "duration": 32,
      "transfers": 1,
      "label": "最佳建議",
      "accuracy": 1
    },
    {
      "from": "表参道",
      "to": "日本橋",
      "type": "Urban",
      "googleDuration": 20,
      "executionTime": 1.2597909999999786,
      "found": true,
      "duration": 20,
      "transfers": 1,
      "label": "最佳建議",
      "accuracy": 1
    },
    {
      "from": "赤坂見附",
      "to": "大手町",
      "type": "Urban",
      "googleDuration": 10,
      "executionTime": 0.28274999999999295,
      "found": true,
      "duration": 8,
      "transfers": 0,
      "label": "最佳建議",
      "accuracy": 0.8
    },
    {
      "from": "新橋",
      "to": "新宿",
      "type": "Urban",
      "googleDuration": 20,
      "executionTime": 6.435708999999974,
      "found": true,
      "duration": 21,
      "transfers": 1,
      "label": "最佳建議",
      "accuracy": 0.95
    },
    {
      "from": "目黒",
      "to": "飯田橋",
      "type": "Urban",
      "googleDuration": 25,
      "executionTime": 2.2218330000000037,
      "found": true,
      "duration": 23,
      "transfers": 1,
      "label": "最佳建議",
      "accuracy": 0.92
    },
    {
      "from": "四ツ谷",
      "to": "浅草",
      "type": "Urban",
      "googleDuration": 25,
      "executionTime": 5.211458000000022,
      "found": true,
      "duration": 29,
      "transfers": 1,
      "label": "最佳建議",
      "accuracy": 0.84
    },
    {
      "from": "吉祥寺",
      "to": "東京",
      "type": "Suburban",
      "googleDuration": 35,
      "executionTime": 1.6742080000000215,
      "found": true,
      "duration": 39,
      "transfers": 1,
      "label": "最佳建議",
      "accuracy": 0.8857142857142857
    },
    {
      "from": "三鷹",
      "to": "銀座",
      "type": "Suburban",
      "googleDuration": 40,
      "executionTime": 2.042665999999997,
      "found": true,
      "duration": 40,
      "transfers": 1,
      "label": "最佳建議",
      "accuracy": 1
    },
    {
      "from": "立川",
      "to": "新宿",
      "type": "Suburban",
      "googleDuration": 30,
      "executionTime": 0.5410420000000045,
      "found": true,
      "duration": 50,
      "transfers": 0,
      "label": "最佳建議",
      "accuracy": 0.33333333333333337
    },
    {
      "from": "八王子",
      "to": "東京",
      "type": "Suburban",
      "googleDuration": 55,
      "executionTime": 0.9897919999999942,
      "found": true,
      "duration": 75,
      "transfers": 0,
      "label": "最佳建議",
      "accuracy": 0.6363636363636364
    },
    {
      "from": "町田",
      "to": "渋谷",
      "type": "Suburban",
      "googleDuration": 45,
      "executionTime": 3.8221670000000074,
      "found": true,
      "duration": 66,
      "transfers": 2,
      "label": "最佳建議",
      "accuracy": 0.5333333333333333
    },
    {
      "from": "大宮",
      "to": "新宿",
      "type": "Suburban",
      "googleDuration": 35,
      "executionTime": 0.9818339999999921,
      "found": true,
      "duration": 17,
      "transfers": 1,
      "label": "最佳建議",
      "accuracy": 0.48571428571428577
    },
    {
      "from": "浦和",
      "to": "東京",
      "type": "Suburban",
      "googleDuration": 30,
      "executionTime": 0.6561670000000106,
      "found": true,
      "duration": 44,
      "transfers": 0,
      "label": "最佳建議",
      "accuracy": 0.5333333333333333
    },
    {
      "from": "柏",
      "to": "上野",
      "type": "Suburban",
      "googleDuration": 35,
      "executionTime": 0.6011670000000038,
      "found": true,
      "duration": 26,
      "transfers": 1,
      "label": "最佳建議",
      "accuracy": 0.7428571428571429
    },
    {
      "from": "船橋",
      "to": "秋葉原",
      "type": "Suburban",
      "googleDuration": 30,
      "executionTime": 0.4536249999999882,
      "found": true,
      "duration": 31,
      "transfers": 0,
      "label": "最佳建議",
      "accuracy": 0.9666666666666667
    },
    {
      "from": "千葉",
      "to": "東京",
      "type": "Suburban",
      "googleDuration": 45,
      "executionTime": 1.047458000000006,
      "found": true,
      "duration": 38,
      "transfers": 1,
      "label": "最佳建議",
      "accuracy": 0.8444444444444444
    },
    {
      "from": "川越",
      "to": "池袋",
      "type": "Suburban",
      "googleDuration": 35,
      "executionTime": 0.4853339999999946,
      "found": true,
      "duration": 53,
      "transfers": 1,
      "label": "最佳建議",
      "accuracy": 0.48571428571428577
    },
    {
      "from": "所沢",
      "to": "新宿",
      "type": "Suburban",
      "googleDuration": 40,
      "executionTime": 0.9139999999999873,
      "found": true,
      "duration": 44,
      "transfers": 1,
      "label": "最佳建議",
      "accuracy": 0.9
    },
    {
      "from": "高尾",
      "to": "新宿",
      "type": "Suburban",
      "googleDuration": 50,
      "executionTime": 0.6243330000000071,
      "found": true,
      "duration": 72,
      "transfers": 1,
      "label": "最佳建議",
      "accuracy": 0.56
    },
    {
      "from": "国分寺",
      "to": "新宿",
      "type": "Suburban",
      "googleDuration": 25,
      "executionTime": 0.32954200000000355,
      "found": true,
      "duration": 40,
      "transfers": 0,
      "label": "最佳建議",
      "accuracy": 0.4
    },
    {
      "from": "府中",
      "to": "新宿",
      "type": "Suburban",
      "googleDuration": 30,
      "executionTime": 1.508874999999989,
      "found": true,
      "duration": 56,
      "transfers": 1,
      "label": "最佳建議",
      "accuracy": 0.1333333333333333
    },
    {
      "from": "浅草",
      "to": "都庁前",
      "type": "Complex",
      "googleDuration": 35,
      "executionTime": 9.251249999999999,
      "found": true,
      "duration": 44,
      "transfers": 1,
      "label": "最佳建議",
      "accuracy": 0.7428571428571429
    },
    {
      "from": "押上",
      "to": "中目黒",
      "type": "Complex",
      "googleDuration": 45,
      "executionTime": 4.936749999999989,
      "found": true,
      "duration": 39,
      "transfers": 1,
      "label": "最佳建議",
      "accuracy": 0.8666666666666667
    },
    {
      "from": "中目黒",
      "to": "秋葉原",
      "type": "Complex",
      "googleDuration": 30,
      "executionTime": 0.3260829999999828,
      "found": true,
      "duration": 23,
      "transfers": 0,
      "label": "最佳建議",
      "accuracy": 0.7666666666666666
    },
    {
      "from": "代々木上原",
      "to": "東京",
      "type": "Complex",
      "googleDuration": 25,
      "executionTime": 1.342375000000004,
      "found": true,
      "duration": 27,
      "transfers": 1,
      "label": "最佳建議",
      "accuracy": 0.92
    },
    {
      "from": "北千住",
      "to": "六本木",
      "type": "Complex",
      "googleDuration": 40,
      "executionTime": 3.072041999999982,
      "found": true,
      "duration": 33,
      "transfers": 1,
      "label": "最佳建議",
      "accuracy": 0.825
    },
    {
      "from": "中野",
      "to": "豊洲",
      "type": "Complex",
      "googleDuration": 45,
      "executionTime": 8.14149999999998,
      "found": true,
      "duration": 44,
      "transfers": 1,
      "label": "最佳建議",
      "accuracy": 0.9777777777777777
    },
    {
      "from": "荻窪",
      "to": "月島",
      "type": "Complex",
      "googleDuration": 40,
      "executionTime": 5.3381669999999986,
      "found": true,
      "duration": 46,
      "transfers": 1,
      "label": "最佳建議",
      "accuracy": 0.85
    },
    {
      "from": "練馬",
      "to": "新橋",
      "type": "Complex",
      "googleDuration": 35,
      "executionTime": 1.5322500000000048,
      "found": true,
      "duration": 34,
      "transfers": 1,
      "label": "最佳建議",
      "accuracy": 0.9714285714285714
    },
    {
      "from": "和光市",
      "to": "銀座",
      "type": "Complex",
      "googleDuration": 45,
      "executionTime": 1.7885410000000093,
      "found": true,
      "duration": 41,
      "transfers": 1,
      "label": "最佳建議",
      "accuracy": 0.9111111111111111
    },
    {
      "from": "赤羽",
      "to": "六本木",
      "type": "Complex",
      "googleDuration": 35,
      "executionTime": 7.548334000000011,
      "found": true,
      "duration": 49,
      "transfers": 1,
      "label": "最佳建議",
      "accuracy": 0.6
    },
    {
      "from": "駒込",
      "to": "五反田",
      "type": "Misc",
      "googleDuration": 35,
      "executionTime": 1.9434170000000108,
      "found": true,
      "duration": 34,
      "transfers": 0,
      "label": "最佳建議",
      "accuracy": 0.9714285714285714
    },
    {
      "from": "巣鴨",
      "to": "浜松町",
      "type": "Misc",
      "googleDuration": 30,
      "executionTime": 1.9915420000000097,
      "found": true,
      "duration": 34,
      "transfers": 0,
      "label": "最佳建議",
      "accuracy": 0.8666666666666667
    },
    {
      "from": "大井町",
      "to": "赤羽",
      "type": "Misc",
      "googleDuration": 40,
      "executionTime": 5.171500000000009,
      "found": true,
      "duration": 49,
      "transfers": 0,
      "label": "最佳建議",
      "accuracy": 0.775
    },
    {
      "from": "蒲田",
      "to": "日暮里",
      "type": "Misc",
      "googleDuration": 45,
      "executionTime": 2.35583299999999,
      "found": true,
      "duration": 39,
      "transfers": 0,
      "label": "最佳建議",
      "accuracy": 0.8666666666666667
    },
    {
      "from": "大森",
      "to": "亀戸",
      "type": "Misc",
      "googleDuration": 40,
      "executionTime": 10.294832999999983,
      "found": true,
      "duration": 44,
      "transfers": 1,
      "label": "最佳建議",
      "accuracy": 0.9
    },
    {
      "from": "錦糸町",
      "to": "恵比寿",
      "type": "Misc",
      "googleDuration": 35,
      "executionTime": 8.420916999999974,
      "found": true,
      "duration": 39,
      "transfers": 1,
      "label": "最佳建議",
      "accuracy": 0.8857142857142857
    },
    {
      "from": "両国",
      "to": "原宿",
      "type": "Misc",
      "googleDuration": 30,
      "executionTime": 8.169165999999962,
      "found": true,
      "duration": 37,
      "transfers": 1,
      "label": "最佳建議",
      "accuracy": 0.7666666666666666
    },
    {
      "from": "水道橋",
      "to": "舞浜",
      "type": "Misc",
      "googleDuration": 45,
      "executionTime": 13.012415999999973,
      "found": true,
      "duration": 49,
      "transfers": 1,
      "label": "最佳建議",
      "accuracy": 0.9111111111111111
    },
    {
      "from": "御茶ノ水",
      "to": "舞浜",
      "type": "Misc",
      "googleDuration": 40,
      "executionTime": 12.330917,
      "found": true,
      "duration": 47,
      "transfers": 1,
      "label": "最佳建議",
      "accuracy": 0.825
    }
  ]
}