{
  "stats": {
    "avgTime": 5.638895879999998,
    "maxTime": 18.81737499999997,
    "p50": 3.31118749999996,
    "p95": 16.281512499999977,
    "memoryDelta": 13.689163208007812,
    "successRate": 0.98,
    "crossSystemRate": 0.2,
    "avgTransfers": 0.78,
    "mode": "dataset",
    "iterations": 50,
    "maxHops": 80
  },
  "results": [
    {
      "from": "品川",
      "to": "東京",
      "type": "Airport",
      "googleDuration": 10,
      "executionTime": 4.47079100000002,
      "found": true,
      "duration": 9,
      "transfers": 0,
      "label": "最佳建議",
      "accuracy": 0.9,
      "routeOperators": [
        "JR-East"
      ],
      "isCrossSystem": false
    },
    {
      "from": "成田空港",
      "to": "新宿",
      "type": "Airport",
      "googleDuration": 85,
      "executionTime": 11.84862499999997,
      "found": true,
      "duration": 77,
      "transfers": 3,
      "label": "最佳建議",
      "accuracy": 0.9058823529411765,
      "routeOperators": [
        "JR-East",
        "Toei"
      ],
      "isCrossSystem": true
    },
    {
      "from": "浜松町",
      "to": "渋谷",
      "type": "Airport",
      "googleDuration": 20,
      "executionTime": 12.033833000000016,
      "found": true,
      "duration": 21,
      "transfers": 1,
      "label": "最佳建議",
      "accuracy": 0.95,
      "routeOperators": [
        "JR-East"
      ],
      "isCrossSystem": false
    },
    {
      "from": "成田空港",
      "to": "上野",
      "type": "Airport",
      "googleDuration": 60,
      "executionTime": 2.256834000000026,
      "found": true,
      "duration": 70,
      "transfers": 2,
      "label": "最佳建議",
      "accuracy": 0.8333333333333334,
      "routeOperators": [
        "JR-East"
      ],
      "isCrossSystem": false
    },
    {
      "from": "品川",
      "to": "横浜",
      "type": "Airport",
      "googleDuration": 20,
      "executionTime": 2.311916999999994,
      "found": true,
      "duration": 15,
      "transfers": 1,
      "label": "最佳建議",
      "accuracy": 0.75,
      "routeOperators": [
        "JR-East"
      ],
      "isCrossSystem": false
    },
    {
      "from": "東京",
      "to": "新宿",
      "type": "Urban",
      "googleDuration": 14,
      "executionTime": 1.6431670000000054,
      "found": true,
      "duration": 17,
      "transfers": 0,
      "label": "最佳建議",
      "accuracy": 0.7857142857142857,
      "routeOperators": [
        "JR-East"
      ],
      "isCrossSystem": false
    },
    {
      "from": "銀座",
      "to": "六本木",
      "type": "Urban",
      "googleDuration": 12,
      "executionTime": 2.5119169999999826,
      "found": true,
      "duration": 14,
      "transfers": 1,
      "label": "最佳建議",
      "accuracy": 0.8333333333333334,
      "routeOperators": [
        "TokyoMetro"
      ],
      "isCrossSystem": false
    },
    {
      "from": "秋葉原",
      "to": "渋谷",
      "type": "Urban",
      "googleDuration": 30,
      "executionTime": 9.913666000000035,
      "found": true,
      "duration": 29,
      "transfers": 1,
      "label": "最佳建議",
      "accuracy": 0.9666666666666667,
      "routeOperators": [
        "JR-East"
      ],
      "isCrossSystem": false
    },
    {
      "from": "池袋",
      "to": "品川",
      "type": "Urban",
      "googleDuration": 28,
      "executionTime": 4.384166999999991,
      "found": true,
      "duration": 45,
      "transfers": 0,
      "label": "最佳建議",
      "accuracy": 0.3928571428571429,
      "routeOperators": [
        "JR-East"
      ],
      "isCrossSystem": false
    },
    {
      "from": "上野",
      "to": "恵比寿",
      "type": "Urban",
      "googleDuration": 32,
      "executionTime": 11.195375000000013,
      "found": true,
      "duration": 32,
      "transfers": 1,
      "label": "最佳建議",
      "accuracy": 1,
      "routeOperators": [
        "TokyoMetro"
      ],
      "isCrossSystem": false
    },
    {
      "from": "表参道",
      "to": "日本橋",
      "type": "Urban",
      "googleDuration": 20,
      "executionTime": 1.6788339999999948,
      "found": true,
      "duration": 20,
      "transfers": 1,
      "label": "最佳建議",
      "accuracy": 1,
      "routeOperators": [
        "TokyoMetro"
      ],
      "isCrossSystem": false
    },
    {
      "from": "赤坂見附",
      "to": "大手町",
      "type": "Urban",
      "googleDuration": 10,
      "executionTime": 0.388417000000004,
      "found": true,
      "duration": 8,
      "transfers": 0,
      "label": "最佳建議",
      "accuracy": 0.8,
      "routeOperators": [
        "TokyoMetro"
      ],
      "isCrossSystem": false
    },
    {
      "from": "新橋",
      "to": "新宿",
      "type": "Urban",
      "googleDuration": 20,
      "executionTime": 8.283624999999972,
      "found": true,
      "duration": 21,
      "transfers": 1,
      "label": "最佳建議",
      "accuracy": 0.95,
      "routeOperators": [
        "Toei"
      ],
      "isCrossSystem": false
    },
    {
      "from": "目黒",
      "to": "飯田橋",
      "type": "Urban",
      "googleDuration": 25,
      "executionTime": 4.880540999999994,
      "found": true,
      "duration": 23,
      "transfers": 1,
      "label": "最佳建議",
      "accuracy": 0.92,
      "routeOperators": [
        "TokyoMetro"
      ],
      "isCrossSystem": false
    },
    {
      "from": "四ツ谷",
      "to": "浅草",
      "type": "Urban",
      "googleDuration": 25,
      "executionTime": 10.686833000000036,
      "found": true,
      "duration": 26,
      "transfers": 1,
      "label": "最佳建議",
      "accuracy": 0.96,
      "routeOperators": [
        "JR-East",
        "Toei"
      ],
      "isCrossSystem": true
    },
    {
      "from": "吉祥寺",
      "to": "東京",
      "type": "Suburban",
      "googleDuration": 35,
      "executionTime": 3.5271249999999554,
      "found": true,
      "duration": 37,
      "transfers": 1,
      "label": "最佳建議",
      "accuracy": 0.9428571428571428,
      "routeOperators": [
        "JR-East"
      ],
      "isCrossSystem": false
    },
    {
      "from": "三鷹",
      "to": "銀座",
      "type": "Suburban",
      "googleDuration": 40,
      "executionTime": 5.551084000000003,
      "found": true,
      "duration": 39,
      "transfers": 1,
      "label": "最佳建議",
      "accuracy": 0.975,
      "routeOperators": [
        "JR-East",
        "TokyoMetro"
      ],
      "isCrossSystem": true
    },
    {
      "from": "立川",
      "to": "新宿",
      "type": "Suburban",
      "googleDuration": 30,
      "executionTime": 0.4478330000000028,
      "found": true,
      "duration": 23,
      "transfers": 0,
      "label": "最佳建議",
      "accuracy": 0.7666666666666666,
      "routeOperators": [
        "JR-East"
      ],
      "isCrossSystem": false
    },
    {
      "from": "八王子",
      "to": "東京",
      "type": "Suburban",
      "googleDuration": 55,
      "executionTime": 1.763166999999953,
      "found": true,
      "duration": 47,
      "transfers": 0,
      "label": "最佳建議",
      "accuracy": 0.8545454545454545,
      "routeOperators": [
        "JR-East"
      ],
      "isCrossSystem": false
    },
    {
      "from": "町田",
      "to": "渋谷",
      "type": "Suburban",
      "googleDuration": 45,
      "executionTime": 5.094042000000002,
      "found": true,
      "duration": 56,
      "transfers": 2,
      "label": "最佳建議",
      "accuracy": 0.7555555555555555,
      "routeOperators": [
        "Odakyu",
        "JR-East"
      ],
      "isCrossSystem": true
    },
    {
      "from": "大宮",
      "to": "新宿",
      "type": "Suburban",
      "googleDuration": 35,
      "executionTime": 4.1647499999999695,
      "found": true,
      "duration": 33,
      "transfers": 1,
      "label": "最佳建議",
      "accuracy": 0.9428571428571428,
      "routeOperators": [
        "JR-East"
      ],
      "isCrossSystem": false
    },
    {
      "from": "浦和",
      "to": "東京",
      "type": "Suburban",
      "googleDuration": 30,
      "executionTime": 0.7534590000000208,
      "found": true,
      "duration": 32,
      "transfers": 0,
      "label": "最佳建議",
      "accuracy": 0.9333333333333333,
      "routeOperators": [
        "JR-East"
      ],
      "isCrossSystem": false
    },
    {
      "from": "柏",
      "to": "上野",
      "type": "Suburban",
      "googleDuration": 35,
      "executionTime": 0.6218749999999886,
      "found": true,
      "duration": 29,
      "transfers": 1,
      "label": "最佳建議",
      "accuracy": 0.8285714285714285,
      "routeOperators": [
        "JR-East"
      ],
      "isCrossSystem": false
    },
    {
      "from": "船橋",
      "to": "秋葉原",
      "type": "Suburban",
      "googleDuration": 30,
      "executionTime": 0.4729159999999979,
      "found": true,
      "duration": 25,
      "transfers": 0,
      "label": "最佳建議",
      "accuracy": 0.8333333333333334,
      "routeOperators": [
        "JR-East"
      ],
      "isCrossSystem": false
    },
    {
      "from": "千葉",
      "to": "東京",
      "type": "Suburban",
      "googleDuration": 45,
      "executionTime": 1.7377909999999588,
      "found": true,
      "duration": 43,
      "transfers": 1,
      "label": "最佳建議",
      "accuracy": 0.9555555555555556,
      "routeOperators": [
        "JR-East"
      ],
      "isCrossSystem": false
    },
    {
      "from": "川越",
      "to": "池袋",
      "type": "Suburban",
      "googleDuration": 35,
      "executionTime": 0.7570830000000228,
      "found": true,
      "duration": 43,
      "transfers": 1,
      "label": "最佳建議",
      "accuracy": 0.7714285714285715,
      "routeOperators": [
        "JR-East"
      ],
      "isCrossSystem": false
    },
    {
      "from": "所沢",
      "to": "新宿",
      "type": "Suburban",
      "googleDuration": 40,
      "executionTime": 1.118832999999995,
      "found": true,
      "duration": 37,
      "transfers": 1,
      "label": "最佳建議",
      "accuracy": 0.925,
      "routeOperators": [
        "JR-East"
      ],
      "isCrossSystem": false
    },
    {
      "from": "高尾",
      "to": "新宿",
      "type": "Suburban",
      "googleDuration": 50,
      "executionTime": 0.5727090000000317,
      "found": true,
      "duration": 38,
      "transfers": 1,
      "label": "最佳建議",
      "accuracy": 0.76,
      "routeOperators": [
        "JR-East"
      ],
      "isCrossSystem": false
    },
    {
      "from": "国分寺",
      "to": "新宿",
      "type": "Suburban",
      "googleDuration": 25,
      "executionTime": 0.338292000000024,
      "found": true,
      "duration": 18,
      "transfers": 0,
      "label": "最佳建議",
      "accuracy": 0.72,
      "routeOperators": [
        "JR-East"
      ],
      "isCrossSystem": false
    },
    {
      "from": "府中",
      "to": "新宿",
      "type": "Suburban",
      "googleDuration": 30,
      "executionTime": 1.2750409999999874,
      "found": true,
      "duration": 37,
      "transfers": 1,
      "label": "最佳建議",
      "accuracy": 0.7666666666666666,
      "routeOperators": [
        "JR-East"
      ],
      "isCrossSystem": false
    },
    {
      "from": "浅草",
      "to": "都庁前",
      "type": "Complex",
      "googleDuration": 35,
      "executionTime": 15.200167000000022,
      "found": true,
      "duration": 44,
      "transfers": 1,
      "label": "最佳建議",
      "accuracy": 0.7428571428571429,
      "routeOperators": [
        "TokyoMetro",
        "Toei"
      ],
      "isCrossSystem": true
    },
    {
      "from": "押上",
      "to": "中目黒",
      "type": "Complex",
      "googleDuration": 45,
      "executionTime": 7.394457999999986,
      "found": true,
      "duration": 39,
      "transfers": 1,
      "label": "最佳建議",
      "accuracy": 0.8666666666666667,
      "routeOperators": [
        "Toei",
        "TokyoMetro"
      ],
      "isCrossSystem": true
    },
    {
      "from": "中目黒",
      "to": "秋葉原",
      "type": "Complex",
      "googleDuration": 30,
      "executionTime": 0.3881670000000099,
      "found": true,
      "duration": 23,
      "transfers": 0,
      "label": "最佳建議",
      "accuracy": 0.7666666666666666,
      "routeOperators": [
        "TokyoMetro"
      ],
      "isCrossSystem": false
    },
    {
      "from": "代々木上原",
      "to": "東京",
      "type": "Complex",
      "googleDuration": 25,
      "executionTime": 2.007791999999995,
      "found": true,
      "duration": 27,
      "transfers": 1,
      "label": "最佳建議",
      "accuracy": 0.92,
      "routeOperators": [
        "TokyoMetro"
      ],
      "isCrossSystem": false
    },
    {
      "from": "北千住",
      "to": "六本木",
      "type": "Complex",
      "googleDuration": 40,
      "executionTime": 3.833167000000003,
      "found": true,
      "duration": 33,
      "transfers": 1,
      "label": "最佳建議",
      "accuracy": 0.825,
      "routeOperators": [
        "TokyoMetro"
      ],
      "isCrossSystem": false
    },
    {
      "from": "中野",
      "to": "豊洲",
      "type": "Complex",
      "googleDuration": 45,
      "executionTime": 13.356499999999983,
      "found": true,
      "duration": 40,
      "transfers": 1,
      "label": "最佳建議",
      "accuracy": 0.8888888888888888,
      "routeOperators": [
        "JR-East",
        "TokyoMetro"
      ],
      "isCrossSystem": true
    },
    {
      "from": "荻窪",
      "to": "月島",
      "type": "Complex",
      "googleDuration": 40,
      "executionTime": 10.31170899999995,
      "found": true,
      "duration": 42,
      "transfers": 1,
      "label": "最佳建議",
      "accuracy": 0.95,
      "routeOperators": [
        "JR-East",
        "Toei"
      ],
      "isCrossSystem": true
    },
    {
      "from": "練馬",
      "to": "新橋",
      "type": "Complex",
      "googleDuration": 35,
      "executionTime": 2.2660000000000196,
      "found": true,
      "duration": 34,
      "transfers": 1,
      "label": "最佳建議",
      "accuracy": 0.9714285714285714,
      "routeOperators": [
        "Toei"
      ],
      "isCrossSystem": false
    },
    {
      "from": "和光市",
      "to": "銀座",
      "type": "Complex",
      "googleDuration": 45,
      "executionTime": 3.0952499999999645,
      "found": true,
      "duration": 41,
      "transfers": 1,
      "label": "最佳建議",
      "accuracy": 0.9111111111111111,
      "routeOperators": [
        "TokyoMetro"
      ],
      "isCrossSystem": false
    },
    {
      "from": "赤羽",
      "to": "六本木",
      "type": "Complex",
      "googleDuration": 35,
      "executionTime": 15.958249999999964,
      "found": true,
      "duration": 39,
      "transfers": 1,
      "label": "最佳建議",
      "accuracy": 0.8857142857142857,
      "routeOperators": [
        "JR-East",
        "Toei"
      ],
      "isCrossSystem": true
    },
    {
      "from": "駒込",
      "to": "五反田",
      "type": "Misc",
      "googleDuration": 35,
      "executionTime": 1.9163750000000164,
      "found": true,
      "duration": 27,
      "transfers": 0,
      "label": "最佳建議",
      "accuracy": 0.7714285714285715,
      "routeOperators": [
        "JR-East"
      ],
      "isCrossSystem": false
    },
    {
      "from": "巣鴨",
      "to": "浜松町",
      "type": "Misc",
      "googleDuration": 30,
      "executionTime": 2.0911250000000337,
      "found": true,
      "duration": 27,
      "transfers": 0,
      "label": "最佳建議",
      "accuracy": 0.9,
      "routeOperators": [
        "JR-East"
      ],
      "isCrossSystem": false
    },
    {
      "from": "大井町",
      "to": "赤羽",
      "type": "Misc",
      "googleDuration": 40,
      "executionTime": 6.139917000000025,
      "found": true,
      "duration": 39,
      "transfers": 0,
      "label": "最佳建議",
      "accuracy": 0.975,
      "routeOperators": [
        "JR-East"
      ],
      "isCrossSystem": false
    },
    {
      "from": "蒲田",
      "to": "日暮里",
      "type": "Misc",
      "googleDuration": 45,
      "executionTime": 1.7809579999999983,
      "found": true,
      "duration": 31,
      "transfers": 0,
      "label": "最佳建議",
      "accuracy": 0.6888888888888889,
      "routeOperators": [
        "JR-East"
      ],
      "isCrossSystem": false
    },
    {
      "from": "大森",
      "to": "亀戸",
      "type": "Misc",
      "googleDuration": 40,
      "executionTime": 16.545999999999992,
      "found": true,
      "duration": 37,
      "transfers": 1,
      "label": "最佳建議",
      "accuracy": 0.925,
      "routeOperators": [
        "JR-East"
      ],
      "isCrossSystem": false
    },
    {
      "from": "錦糸町",
      "to": "恵比寿",
      "type": "Misc",
      "googleDuration": 35,
      "executionTime": 14.727958000000001,
      "found": true,
      "duration": 37,
      "transfers": 1,
      "label": "最佳建議",
      "accuracy": 0.9428571428571428,
      "routeOperators": [
        "JR-East",
        "TokyoMetro"
      ],
      "isCrossSystem": true
    },
    {
      "from": "両国",
      "to": "原宿",
      "type": "Misc",
      "googleDuration": 30,
      "executionTime": 11.277749999999969,
      "found": true,
      "duration": 31,
      "transfers": 1,
      "label": "最佳建議",
      "accuracy": 0.9666666666666667,
      "routeOperators": [
        "JR-East"
      ],
      "isCrossSystem": false
    },
    {
      "from": "水道橋",
      "to": "舞浜",
      "type": "Misc",
      "googleDuration": 45,
      "executionTime": 18.81737499999997,
      "found": true,
      "duration": 41,
      "transfers": 1,
      "label": "最佳建議",
      "accuracy": 0.9111111111111111,
      "routeOperators": [
        "JR-East"
      ],
      "isCrossSystem": false
    },
    {
      "from": "御茶ノ水",
      "to": "舞浜",
      "type": "Misc",
      "googleDuration": 40,
      "executionTime": 18.15133400000002,
      "found": true,
      "duration": 39,
      "transfers": 1,
      "label": "最佳建議",
      "accuracy": 0.975,
      "routeOperators": [
        "JR-East"
      ],
      "isCrossSystem": false
    },
    {
      "from": "神田",
      "to": "駒沢大学",
      "type": "Misc",
      "googleDuration": 30,
      "executionTime": 0,
      "found": false,
      "duration": 0,
      "transfers": 0,
      "label": "N/A",
      "accuracy": null,
      "routeOperators": [],
      "isCrossSystem": false
    }
  ]
}
